0 info it worked if it ends with ok
1 verbose cli [ '/data/data/io.tempage.dorynode/files/bin/node',
1 verbose cli   '/data/user/0/io.tempage.dorynode/files/bin/npm',
1 verbose cli   'run',
1 verbose cli   'deploy' ]
2 info using npm@3.10.10
3 info using node@v6.11.4
4 verbose run-script [ 'predeploy', 'deploy', 'postdeploy' ]
5 info lifecycle gs-reactjs@0.1.0~predeploy: gs-reactjs@0.1.0
6 verbose lifecycle gs-reactjs@0.1.0~predeploy: unsafe-perm in lifecycle true
7 verbose lifecycle gs-reactjs@0.1.0~predeploy: PATH: /data/data/io.tempage.dorynode/files/npm/bin/node-gyp-bin:/storage/emulated/0/react-gs/node_modules/.bin:/data/data/io.tempage.dorynode/files/bin:/data/user/0/io.tempage.dorynode/files/usr/sbin:/data/user/0/io.tempage.dorynode/files/usr/bin:/data/user/0/io.tempage.dorynode/files/sbin:/data/user/0/io.tempage.dorynode/files/bin:/sbin:/system/sbin:/product/bin:/apex/com.android.runtime/bin:/system/bin:/system/xbin:/odm/bin:/vendor/bin:/vendor/xbin
8 verbose lifecycle gs-reactjs@0.1.0~predeploy: CWD: /storage/emulated/0/react-gs
9 silly lifecycle gs-reactjs@0.1.0~predeploy: Args: [ '-c', 'npm run build' ]
10 silly lifecycle gs-reactjs@0.1.0~predeploy: Returned: code: 1  signal: null
11 info lifecycle gs-reactjs@0.1.0~predeploy: Failed to exec predeploy script
12 verbose stack Error: gs-reactjs@0.1.0 predeploy: `npm run build`
12 verbose stack Exit status 1
12 verbose stack     at EventEmitter.<anonymous> (/data/data/io.tempage.dorynode/files/npm/lib/utils/lifecycle.js:255:16)
12 verbose stack     at emitTwo (events.js:106:13)
12 verbose stack     at EventEmitter.emit (events.js:191:7)
12 verbose stack     at ChildProcess.<anonymous> (/data/data/io.tempage.dorynode/files/npm/lib/utils/spawn.js:40:14)
12 verbose stack     at emitTwo (events.js:106:13)
12 verbose stack     at ChildProcess.emit (events.js:191:7)
12 verbose stack     at maybeClose (internal/child_process.js:920:16)
12 verbose stack     at Process.ChildProcess._handle.onexit (internal/child_process.js:230:5)
13 verbose pkgid gs-reactjs@0.1.0
14 verbose cwd /storage/emulated/0/react-gs
15 error Linux 4.9.186-22986754
16 error argv "/data/data/io.tempage.dorynode/files/bin/node" "/data/user/0/io.tempage.dorynode/files/bin/npm" "run" "deploy"
17 error node v6.11.4
18 error npm  v3.10.10
19 error code ELIFECYCLE
20 error gs-reactjs@0.1.0 predeploy: `npm run build`
20 error Exit status 1
21 error Failed at the gs-reactjs@0.1.0 predeploy script 'npm run build'.
21 error Make sure you have the latest version of node.js and npm installed.
21 error If you do, this is most likely a problem with the gs-reactjs package,
21 error not with npm itself.
21 error Tell the author that this fails on your system:
21 error     npm run build
21 error You can get information on how to open an issue for this project with:
21 error     npm bugs gs-reactjs
21 error Or if that isn't available, you can get their info via:
21 error     npm owner ls gs-reactjs
21 error There is likely additional logging output above.
22 verbose exit [ 1, true ]
